2025-07-10T06:40:10.250+0530 [INFO]  Terraform version: 1.5.7
2025-07-10T06:40:10.250+0530 [INFO]  Go runtime version: go1.23.1
2025-07-10T06:40:10.250+0530 [INFO]  CLI args: []string{"terraform", "plan", "-var-file=terraform.tfvars", "-no-color", "-out=tfplan"}
2025-07-10T06:40:10.251+0530 [INFO]  CLI command args: []string{"plan", "-var-file=terraform.tfvars", "-no-color", "-out=tfplan"}
2025-07-10T06:40:10.304+0530 [INFO]  backend/local: starting Plan operation
2025-07-10T06:40:10.307+0530 [INFO]  provider: configuring client automatic mTLS
2025-07-10T06:40:10.356+0530 [INFO]  provider.terraform-provider-google_v6.8.0_x5: configuring server automatic mTLS: timestamp=2025-07-10T06:40:10.356+0530
2025-07-10T06:40:10.434+0530 [INFO]  provider: configuring client automatic mTLS
2025-07-10T06:40:10.459+0530 [INFO]  provider.terraform-provider-google_v6.8.0_x5: configuring server automatic mTLS: timestamp=2025-07-10T06:40:10.459+0530
2025-07-10T06:40:10.545+0530 [ERROR] vertex "output.firewall_rules" error: Cannot index a set value
2025-07-10T06:40:10.545+0530 [ERROR] vertex "output.firewall_rules (expand)" error: Cannot index a set value
2025-07-10T06:40:10.546+0530 [ERROR] vertex "output.deployment_summary" error: Unsupported attribute
2025-07-10T06:40:10.546+0530 [ERROR] vertex "output.deployment_summary (expand)" error: Unsupported attribute
2025-07-10T06:40:10.569+0530 [INFO]  Terraform version: 1.5.7
2025-07-10T06:40:10.569+0530 [INFO]  Go runtime version: go1.23.1
2025-07-10T06:40:10.569+0530 [INFO]  CLI args: []string{"terraform", "apply", "-no-color", "tfplan"}
2025-07-10T06:40:10.570+0530 [INFO]  CLI command args: []string{"apply", "-no-color", "tfplan"}
2025-07-10T06:40:10.585+0530 [INFO]  Terraform version: 1.5.7
2025-07-10T06:40:10.585+0530 [INFO]  Go runtime version: go1.23.1
2025-07-10T06:40:10.585+0530 [INFO]  CLI args: []string{"terraform", "output", "deployment_summary"}
2025-07-10T06:40:10.586+0530 [INFO]  CLI command args: []string{"output", "deployment_summary"}
2025-07-10T06:40:10.650+0530 [INFO]  Terraform version: 1.5.7
2025-07-10T06:40:10.650+0530 [INFO]  Go runtime version: go1.23.1
2025-07-10T06:40:10.650+0530 [INFO]  CLI args: []string{"terraform", "output", "instance_details"}
2025-07-10T06:40:10.651+0530 [INFO]  CLI command args: []string{"output", "instance_details"}
2025-07-10T06:40:10.716+0530 [INFO]  Terraform version: 1.5.7
2025-07-10T06:40:10.716+0530 [INFO]  Go runtime version: go1.23.1
2025-07-10T06:40:10.716+0530 [INFO]  CLI args: []string{"terraform", "output", "network_information"}
2025-07-10T06:40:10.716+0530 [INFO]  CLI command args: []string{"output", "network_information"}
2025-07-10T06:40:10.782+0530 [INFO]  Terraform version: 1.5.7
2025-07-10T06:40:10.782+0530 [INFO]  Go runtime version: go1.23.1
2025-07-10T06:40:10.782+0530 [INFO]  CLI args: []string{"terraform", "output", "access_information"}
2025-07-10T06:40:10.782+0530 [INFO]  CLI command args: []string{"output", "access_information"}
2025-07-10T06:40:10.846+0530 [INFO]  Terraform version: 1.5.7
2025-07-10T06:40:10.846+0530 [INFO]  Go runtime version: go1.23.1
2025-07-10T06:40:10.846+0530 [INFO]  CLI args: []string{"terraform", "output", "firewall_rules"}
2025-07-10T06:40:10.847+0530 [INFO]  CLI command args: []string{"output", "firewall_rules"}
2025-07-10T06:40:10.912+0530 [INFO]  Terraform version: 1.5.7
2025-07-10T06:40:10.912+0530 [INFO]  Go runtime version: go1.23.1
2025-07-10T06:40:10.912+0530 [INFO]  CLI args: []string{"terraform", "output", "cost_estimation"}
2025-07-10T06:40:10.913+0530 [INFO]  CLI command args: []string{"output", "cost_estimation"}
