2025-07-10T06:42:24.398+0530 [INFO]  Terraform version: 1.5.7
2025-07-10T06:42:24.398+0530 [INFO]  Go runtime version: go1.23.1
2025-07-10T06:42:24.398+0530 [INFO]  CLI args: []string{"terraform", "apply", "-no-color", "tfplan"}
2025-07-10T06:42:24.398+0530 [INFO]  CLI command args: []string{"apply", "-no-color", "tfplan"}
2025-07-10T06:42:24.450+0530 [INFO]  backend/local: starting Apply operation
2025-07-10T06:42:24.454+0530 [INFO]  provider: configuring client automatic mTLS
2025-07-10T06:42:24.482+0530 [INFO]  provider.terraform-provider-google_v6.8.0_x5: configuring server automatic mTLS: timestamp=2025-07-10T06:42:24.482+0530
2025-07-10T06:42:24.572+0530 [INFO]  Terraform version: 1.5.7
2025-07-10T06:42:24.572+0530 [INFO]  Go runtime version: go1.23.1
2025-07-10T06:42:24.572+0530 [INFO]  CLI args: []string{"terraform", "output", "deployment_summary"}
2025-07-10T06:42:24.572+0530 [INFO]  CLI command args: []string{"output", "deployment_summary"}
2025-07-10T06:42:24.656+0530 [INFO]  Terraform version: 1.5.7
2025-07-10T06:42:24.656+0530 [INFO]  Go runtime version: go1.23.1
2025-07-10T06:42:24.656+0530 [INFO]  CLI args: []string{"terraform", "output", "instance_details"}
2025-07-10T06:42:24.656+0530 [INFO]  CLI command args: []string{"output", "instance_details"}
2025-07-10T06:42:24.721+0530 [INFO]  Terraform version: 1.5.7
2025-07-10T06:42:24.721+0530 [INFO]  Go runtime version: go1.23.1
2025-07-10T06:42:24.721+0530 [INFO]  CLI args: []string{"terraform", "output", "network_information"}
2025-07-10T06:42:24.721+0530 [INFO]  CLI command args: []string{"output", "network_information"}
2025-07-10T06:42:24.788+0530 [INFO]  Terraform version: 1.5.7
2025-07-10T06:42:24.788+0530 [INFO]  Go runtime version: go1.23.1
2025-07-10T06:42:24.788+0530 [INFO]  CLI args: []string{"terraform", "output", "access_information"}
2025-07-10T06:42:24.788+0530 [INFO]  CLI command args: []string{"output", "access_information"}
2025-07-10T06:42:24.853+0530 [INFO]  Terraform version: 1.5.7
2025-07-10T06:42:24.853+0530 [INFO]  Go runtime version: go1.23.1
2025-07-10T06:42:24.853+0530 [INFO]  CLI args: []string{"terraform", "output", "firewall_rules"}
2025-07-10T06:42:24.853+0530 [INFO]  CLI command args: []string{"output", "firewall_rules"}
2025-07-10T06:42:24.918+0530 [INFO]  Terraform version: 1.5.7
2025-07-10T06:42:24.918+0530 [INFO]  Go runtime version: go1.23.1
2025-07-10T06:42:24.918+0530 [INFO]  CLI args: []string{"terraform", "output", "cost_estimation"}
2025-07-10T06:42:24.918+0530 [INFO]  CLI command args: []string{"output", "cost_estimation"}
