2025-07-10T06:39:30.033+0530 [INFO]  Terraform version: 1.5.7
2025-07-10T06:39:30.033+0530 [INFO]  Go runtime version: go1.23.1
2025-07-10T06:39:30.033+0530 [INFO]  CLI args: []string{"terraform", "init", "-no-color"}
2025-07-10T06:39:30.034+0530 [INFO]  CLI command args: []string{"init", "-no-color"}
2025-07-10T06:39:30.343+0530 [INFO]  Terraform version: 1.5.7
2025-07-10T06:39:30.343+0530 [INFO]  Go runtime version: go1.23.1
2025-07-10T06:39:30.343+0530 [INFO]  CLI args: []string{"terraform", "plan", "-var-file=terraform.tfvars", "-no-color", "-out=tfplan"}
2025-07-10T06:39:30.343+0530 [INFO]  CLI command args: []string{"plan", "-var-file=terraform.tfvars", "-no-color", "-out=tfplan"}
2025-07-10T06:39:30.394+0530 [INFO]  backend/local: starting Plan operation
2025-07-10T06:39:30.397+0530 [INFO]  provider: configuring client automatic mTLS
2025-07-10T06:39:30.424+0530 [INFO]  provider.terraform-provider-google_v6.8.0_x5: configuring server automatic mTLS: timestamp=2025-07-10T06:39:30.424+0530
2025-07-10T06:39:30.499+0530 [INFO]  provider: configuring client automatic mTLS
2025-07-10T06:39:30.525+0530 [INFO]  provider.terraform-provider-google_v6.8.0_x5: configuring server automatic mTLS: timestamp=2025-07-10T06:39:30.525+0530
2025-07-10T06:39:30.610+0530 [ERROR] vertex "output.firewall_rules" error: Cannot index a set value
2025-07-10T06:39:30.610+0530 [ERROR] vertex "output.firewall_rules (expand)" error: Cannot index a set value
2025-07-10T06:39:30.610+0530 [ERROR] vertex "output.deployment_summary" error: Unsupported attribute
2025-07-10T06:39:30.610+0530 [ERROR] vertex "output.deployment_summary (expand)" error: Unsupported attribute
2025-07-10T06:39:30.632+0530 [INFO]  Terraform version: 1.5.7
2025-07-10T06:39:30.632+0530 [INFO]  Go runtime version: go1.23.1
2025-07-10T06:39:30.632+0530 [INFO]  CLI args: []string{"terraform", "apply", "-no-color", "tfplan"}
2025-07-10T06:39:30.633+0530 [INFO]  CLI command args: []string{"apply", "-no-color", "tfplan"}
2025-07-10T06:39:30.648+0530 [INFO]  Terraform version: 1.5.7
2025-07-10T06:39:30.648+0530 [INFO]  Go runtime version: go1.23.1
2025-07-10T06:39:30.648+0530 [INFO]  CLI args: []string{"terraform", "output", "deployment_summary"}
2025-07-10T06:39:30.649+0530 [INFO]  CLI command args: []string{"output", "deployment_summary"}
2025-07-10T06:39:30.713+0530 [INFO]  Terraform version: 1.5.7
2025-07-10T06:39:30.713+0530 [INFO]  Go runtime version: go1.23.1
2025-07-10T06:39:30.714+0530 [INFO]  CLI args: []string{"terraform", "output", "instance_details"}
2025-07-10T06:39:30.714+0530 [INFO]  CLI command args: []string{"output", "instance_details"}
2025-07-10T06:39:30.779+0530 [INFO]  Terraform version: 1.5.7
2025-07-10T06:39:30.780+0530 [INFO]  Go runtime version: go1.23.1
2025-07-10T06:39:30.780+0530 [INFO]  CLI args: []string{"terraform", "output", "network_information"}
2025-07-10T06:39:30.780+0530 [INFO]  CLI command args: []string{"output", "network_information"}
2025-07-10T06:39:30.845+0530 [INFO]  Terraform version: 1.5.7
2025-07-10T06:39:30.845+0530 [INFO]  Go runtime version: go1.23.1
2025-07-10T06:39:30.845+0530 [INFO]  CLI args: []string{"terraform", "output", "access_information"}
2025-07-10T06:39:30.845+0530 [INFO]  CLI command args: []string{"output", "access_information"}
2025-07-10T06:39:30.909+0530 [INFO]  Terraform version: 1.5.7
2025-07-10T06:39:30.910+0530 [INFO]  Go runtime version: go1.23.1
2025-07-10T06:39:30.910+0530 [INFO]  CLI args: []string{"terraform", "output", "firewall_rules"}
2025-07-10T06:39:30.910+0530 [INFO]  CLI command args: []string{"output", "firewall_rules"}
2025-07-10T06:39:30.974+0530 [INFO]  Terraform version: 1.5.7
2025-07-10T06:39:30.974+0530 [INFO]  Go runtime version: go1.23.1
2025-07-10T06:39:30.974+0530 [INFO]  CLI args: []string{"terraform", "output", "cost_estimation"}
2025-07-10T06:39:30.974+0530 [INFO]  CLI command args: []string{"output", "cost_estimation"}
