2025-07-10T06:41:47.237+0530 [INFO]  Terraform version: 1.5.7
2025-07-10T06:41:47.237+0530 [INFO]  Go runtime version: go1.23.1
2025-07-10T06:41:47.237+0530 [INFO]  CLI args: []string{"terraform", "plan", "-var-file=terraform.tfvars", "-no-color", "-out=tfplan"}
2025-07-10T06:41:47.237+0530 [INFO]  CLI command args: []string{"plan", "-var-file=terraform.tfvars", "-no-color", "-out=tfplan"}
2025-07-10T06:41:47.288+0530 [INFO]  backend/local: starting Plan operation
2025-07-10T06:41:47.291+0530 [INFO]  provider: configuring client automatic mTLS
2025-07-10T06:41:47.319+0530 [INFO]  provider.terraform-provider-google_v6.8.0_x5: configuring server automatic mTLS: timestamp=2025-07-10T06:41:47.319+0530
2025-07-10T06:41:47.395+0530 [INFO]  provider: configuring client automatic mTLS
2025-07-10T06:41:47.423+0530 [INFO]  provider.terraform-provider-google_v6.8.0_x5: configuring server automatic mTLS: timestamp=2025-07-10T06:41:47.423+0530
2025-07-10T06:41:47.512+0530 [INFO]  backend/local: plan calling Plan
2025-07-10T06:41:47.513+0530 [INFO]  provider: configuring client automatic mTLS
2025-07-10T06:41:47.540+0530 [INFO]  provider.terraform-provider-google_v6.8.0_x5: configuring server automatic mTLS: timestamp=2025-07-10T06:41:47.540+0530
2025-07-10T06:41:47.627+0530 [INFO]  provider.terraform-provider-google_v6.8.0_x5: Authenticating using DefaultClient...: tf_req_id=85468d87-b59b-f20f-c5cc-1f9dc5b381d3 tf_rpc=ConfigureProvider tf_provider_addr=registry.terraform.io/hashicorp/google @caller=github.com/hashicorp/terraform-provider-google/google/fwtransport/framework_config.go:1885 @module=google tf_mux_provider=*proto5server.Server timestamp=2025-07-10T06:41:47.627+0530
2025-07-10T06:41:47.627+0530 [INFO]  provider.terraform-provider-google_v6.8.0_x5:   -- Scopes: [https://www.googleapis.com/auth/cloud-platform https://www.googleapis.com/auth/userinfo.email]: tf_mux_provider=*proto5server.Server tf_provider_addr=registry.terraform.io/hashicorp/google tf_req_id=85468d87-b59b-f20f-c5cc-1f9dc5b381d3 tf_rpc=ConfigureProvider @module=google @caller=github.com/hashicorp/terraform-provider-google/google/fwtransport/framework_config.go:1886 timestamp=2025-07-10T06:41:47.627+0530
2025-07-10T06:41:47.627+0530 [INFO]  provider.terraform-provider-google_v6.8.0_x5: Authenticating using DefaultClient...: @module=google tf_mux_provider=*proto5server.Server tf_provider_addr=registry.terraform.io/hashicorp/google tf_req_id=85468d87-b59b-f20f-c5cc-1f9dc5b381d3 tf_rpc=ConfigureProvider @caller=github.com/hashicorp/terraform-provider-google/google/fwtransport/framework_config.go:1885 timestamp=2025-07-10T06:41:47.627+0530
2025-07-10T06:41:47.627+0530 [INFO]  provider.terraform-provider-google_v6.8.0_x5:   -- Scopes: [https://www.googleapis.com/auth/cloud-platform https://www.googleapis.com/auth/userinfo.email]: @caller=github.com/hashicorp/terraform-provider-google/google/fwtransport/framework_config.go:1886 @module=google tf_mux_provider=*proto5server.Server tf_provider_addr=registry.terraform.io/hashicorp/google tf_req_id=85468d87-b59b-f20f-c5cc-1f9dc5b381d3 tf_rpc=ConfigureProvider timestamp=2025-07-10T06:41:47.627+0530
2025-07-10T06:41:47.997+0530 [INFO]  provider.terraform-provider-google_v6.8.0_x5: Terraform is using this identity: zodsenpaix@gmail.com: tf_req_id=85468d87-b59b-f20f-c5cc-1f9dc5b381d3 tf_rpc=ConfigureProvider @caller=github.com/hashicorp/terraform-provider-google/google/fwtransport/framework_config.go:1755 @module=google tf_mux_provider=*proto5server.Server tf_provider_addr=registry.terraform.io/hashicorp/google timestamp=2025-07-10T06:41:47.997+0530
2025-07-10T06:41:48.129+0530 [INFO]  ReferenceTransformer: reference not found: "local.startup_scripts"
2025-07-10T06:41:48.129+0530 [INFO]  ReferenceTransformer: reference not found: "var.os_choice"
2025-07-10T06:41:48.129+0530 [INFO]  ReferenceTransformer: reference not found: "local.startup_scripts"
2025-07-10T06:41:48.129+0530 [INFO]  ReferenceTransformer: reference not found: "var.os_choice"
2025-07-10T06:41:48.129+0530 [INFO]  ReferenceTransformer: reference not found: "var.instance_state"
2025-07-10T06:41:48.129+0530 [INFO]  ReferenceTransformer: reference not found: "var.preemptible"
2025-07-10T06:41:48.129+0530 [INFO]  ReferenceTransformer: reference not found: "var.vm_name"
2025-07-10T06:41:48.129+0530 [INFO]  ReferenceTransformer: reference not found: "var.instance_state"
2025-07-10T06:41:48.129+0530 [INFO]  ReferenceTransformer: reference not found: "local.computed_zone"
2025-07-10T06:41:48.129+0530 [INFO]  ReferenceTransformer: reference not found: "var.machine_type"
2025-07-10T06:41:48.129+0530 [INFO]  ReferenceTransformer: reference not found: "local.vm_tags"
2025-07-10T06:41:48.129+0530 [INFO]  ReferenceTransformer: reference not found: "var.enable_monitoring"
2025-07-10T06:41:48.129+0530 [INFO]  ReferenceTransformer: reference not found: "local.os_images"
2025-07-10T06:41:48.129+0530 [INFO]  ReferenceTransformer: reference not found: "var.os_choice"
2025-07-10T06:41:48.129+0530 [INFO]  ReferenceTransformer: reference not found: "var.disk_size"
2025-07-10T06:41:48.129+0530 [INFO]  ReferenceTransformer: reference not found: "var.preemptible"
2025-07-10T06:41:48.129+0530 [INFO]  ReferenceTransformer: reference not found: "var.preemptible"
2025-07-10T06:41:48.129+0530 [INFO]  ReferenceTransformer: reference not found: "var.preemptible"
2025-07-10T06:41:48.129+0530 [INFO]  ReferenceTransformer: reference not found: "var.auto_restart"
2025-07-10T06:41:48.129+0530 [INFO]  ReferenceTransformer: reference not found: "var.preemptible"
2025-07-10T06:41:48.130+0530 [INFO]  ReferenceTransformer: reference not found: "var.enable_http_server"
2025-07-10T06:41:48.130+0530 [INFO]  ReferenceTransformer: reference not found: "var.vm_name"
2025-07-10T06:41:48.143+0530 [WARN]  Provider "registry.terraform.io/hashicorp/google" produced an invalid plan for google_compute_firewall.allow_http[0], but we are tolerating it because it is using the legacy plugin SDK.
    The following problems may be the cause of any confusing errors from downstream operations:
      - .priority: planned value cty.NumberIntVal(1000) for a non-computed attribute
2025-07-10T06:41:48.144+0530 [ERROR] vertex "output.firewall_rules" error: Inconsistent conditional result types
2025-07-10T06:41:48.144+0530 [ERROR] vertex "output.firewall_rules (expand)" error: Inconsistent conditional result types
2025-07-10T06:41:48.151+0530 [WARN]  Provider "registry.terraform.io/hashicorp/google" produced an invalid plan for google_compute_instance.default, but we are tolerating it because it is using the legacy plugin SDK.
    The following problems may be the cause of any confusing errors from downstream operations:
      - .can_ip_forward: planned value cty.False for a non-computed attribute
      - .deletion_protection: planned value cty.False for a non-computed attribute
      - .reservation_affinity: attribute representing nested block must not be unknown itself; set nested attribute values to unknown instead
      - .boot_disk[0].mode: planned value cty.StringVal("READ_WRITE") for a non-computed attribute
      - .confidential_instance_config: attribute representing nested block must not be unknown itself; set nested attribute values to unknown instead
      - .guest_accelerator: attribute representing nested block must not be unknown itself; set nested attribute values to unknown instead
2025-07-10T06:41:48.155+0530 [INFO]  backend/local: plan operation completed
2025-07-10T06:41:48.155+0530 [INFO]  backend/local: writing plan output to: tfplan
